[00:00:00] [Async Chat Thread - #49/INFO]: <Pascals98> wobei doch[m
[00:00:02] [Async Chat Thread - #49/INFO]: <Pascals98> mals chauen[m
[00:00:59] [Async Chat Thread - #49/INFO]: <Pascals98> schlafen?[m
[00:01:19] [Async Chat Thread - #49/INFO]: <Guenther_Olaf> ok[m
[00:05:04] [Async Chat Thread - #50/INFO]: <Pascals98> ?brigens wenn du nen hund haben willst sag bescheid hab genug knochen und w?lfe laufen hier ?berall rum[m
[00:05:12] [Async Chat Thread - #50/INFO]: <Guenther_Olaf> da ist eine hexe[m
[00:05:15] [Async Chat Thread - #50/INFO]: <Pascals98> wo??[m
[00:05:22] [Async Chat Thread - #50/INFO]: <Guenther_Olaf> rechts von deinem feld[m
[00:05:29] [Async Chat Thread - #50/INFO]: <Guenther_Olaf> sehe ich von meinem haus[m
[00:05:38] [Async Chat Thread - #50/INFO]: <Pascals98> amkkkk[m
[00:05:41] [Async Chat Thread - #50/INFO]: <Pascals98> angriiiiff[m
[00:06:01] [Async Chat Thread - #50/INFO]: <Pascals98> ich seh sie nicht[m
[00:06:10] [Async Chat Thread - #50/INFO]: <Guenther_Olaf> schau wo ich hingucke[m
[00:06:42] [Async Chat Thread - #50/INFO]: <Pascals98> die hat einfach mal nix gedroppt haha[m
[00:06:57] [Async Chat Thread - #50/INFO]: <Guenther_Olaf> hat die f?den gedropped?[m
[00:06:57] [Async Chat Thread - #50/INFO]: <Pascals98> mein helm ist ja kaputt...[m
[00:07:01] [Async Chat Thread - #50/INFO]: <Pascals98> ne[m
[00:07:03] [Async Chat Thread - #50/INFO]: <Pascals98> brauchst du welche?[m
[00:07:06] [Async Chat Thread - #50/INFO]: <Guenther_Olaf> ja[m
[00:07:09] [Async Chat Thread - #50/INFO]: <Pascals98> komm mit[m
[00:07:34] [Async Chat Thread - #50/INFO]: <Pascals98> wv[m
[00:07:37] [Async Chat Thread - #50/INFO]: <Guenther_Olaf> eins[m
[00:07:43] [Async Chat Thread - #50/INFO]: <Guenther_Olaf> thx[m
[00:08:29] [Async Chat Thread - #50/INFO]: <Guenther_Olaf> oh ne noch eins :joy:[m
[00:08:37] [Async Chat Thread - #50/INFO]: <Pascals98> hols dir[m
[00:08:41] [Async Chat Thread - #50/INFO]: <Pascals98> ist in der ksite an der ich grad dran war[m
[00:09:26] [Async Chat Thread - #50/INFO]: <Guenther_Olaf> amk mach mal die l?cher im wasser zu[m
[00:09:30] [Async Chat Thread - #50/INFO]: <Guenther_Olaf> voll h?sslich[m
[00:09:41] [Async Chat Thread - #50/INFO]: <Pascals98> die sind ganz nat?rlich[m
[00:10:00] [Async Chat Thread - #50/INFO]: <Guenther_Olaf> maul :joy:[m
[00:14:05] [Async Chat Thread - #51/INFO]: <Guenther_Olaf> schlafen?[m
[00:14:11] [Async Chat Thread - #51/INFO]: <Pascals98> jo[m
[00:21:03] [Async Chat Thread - #52/INFO]: <Guenther_Olaf> was bringt nochmal dispenser[m
[00:21:16] [Async Chat Thread - #52/INFO]: <Pascals98> der kann gegenst?nde werfen also items droppen oder pfeile schie?eh[m
[00:21:24] [Async Chat Thread - #52/INFO]: <Guenther_Olaf> ach stimmt[m
[00:21:58] [Async Chat Thread - #52/INFO]: <Pascals98> noch 2 1/4 stacks sand...[m
[00:22:25] [Async Chat Thread - #52/INFO]: <Guenther_Olaf> dann?[m
[00:22:31] [Async Chat Thread - #52/INFO]: <Pascals98> ist mein pool fertig[m
[00:27:32] [Async Chat Thread - #53/INFO]: <Pascals98> *klingelingeling?[m
[00:27:37] [Async Chat Thread - #53/INFO]: <Guenther_Olaf> herein[m
[00:27:42] [Async Chat Thread - #53/INFO]: <Pascals98> geht nicht[m
[00:28:03] [Async Chat Thread - #53/INFO]: <Pascals98> danle[m
[00:28:09] [Async Chat Thread - #53/INFO]: <Guenther_Olaf> wieso kamst du nicht rein?[m
[00:28:10] [Async Chat Thread - #53/INFO]: <Pascals98> wie hast du dir vorgestellt da von au?en rein zu gehen? :D[m
[00:28:18] [Async Chat Thread - #53/INFO]: <Pascals98> wie soll ich rein? :D[m
[00:28:26] [Async Chat Thread - #53/INFO]: <Pascals98> da ist kein button oder so[m
[00:28:39] [Async Chat Thread - #53/INFO]: <Pascals98> ah das wird eine unterwasser oase? :D[m
[00:28:40] [Async Chat Thread - #53/INFO]: <Guenther_Olaf> luft anhalten[m
[00:29:23] [Async Chat Thread - #53/INFO]: <Pascals98> tsch??s[m
[00:30:40] [Async Chat Thread - #54/INFO]: <Guenther_Olaf> schlafen?[m
[00:31:19] [Async Chat Thread - #54/INFO]: <Pascals98> bin im bett[m
[00:33:43] [Async Chat Thread - #55/INFO]: <Pascals98> wei?t du wie man ne vase macht[m
[00:33:58] [Async Chat Thread - #55/INFO]: <Guenther_Olaf> nope[m
[00:38:25] [Async Chat Thread - #56/INFO]: <Pascals98> hihihi[m
[00:38:48] [Async Chat Thread - #56/INFO]: <Guenther_Olaf> hast du sandstein?[m
[00:38:52] [Async Chat Thread - #56/INFO]: <Pascals98> nicht mehr[m
[00:39:01] [Async Chat Thread - #56/INFO]: <Pascals98> hast doch jez bisschen sand geholt oder?[m
[00:39:05] [Async Chat Thread - #56/INFO]: <Pascals98> leg 4 sand nebeneinander[m
[00:39:12] [Async Chat Thread - #56/INFO]: <Pascals98> kriegste 1 sandstein[m
[00:44:46] [Async Chat Thread - #57/INFO]: <Pascals98> hast du clean stone?[m
[00:44:48] [Async Chat Thread - #57/INFO]: <Pascals98> nur 2[m
[00:44:52] [Async Chat Thread - #57/INFO]: <Guenther_Olaf> ne leider nicht[m
[00:45:27] [Async Chat Thread - #57/INFO]: <Pascals98> schade[m
[00:51:57] [Async Chat Thread - #58/INFO]: <Pascals98> hab noch ne leiter von dir hab ich vorhin ausversehen eingesammelt scheinbar+[m
[00:53:50] [Async Chat Thread - #59/INFO]: <Guenther_Olaf> h?r doch mal auf mir auf den sack zu gehen[m
[00:53:52] [Async Chat Thread - #59/INFO]: <Pascals98> reichts?[m
[00:54:09] [Async Chat Thread - #59/INFO]: <Pascals98> wieso schl?gst du denn immer?[m
[00:54:28] [Async Chat Thread - #59/INFO]: <Guenther_Olaf> weil du meine sachen kaputt machst[m
[00:54:36] [Async Chat Thread - #59/INFO]: <Pascals98> ich dachte das dirt war nen versehen haha[m
[00:57:12] [Async Chat Thread - #60/INFO]: <Pascals98> brauchst du knochenmehl?[m
[00:58:07] [Async Chat Thread - #60/INFO]: <Guenther_Olaf> hast du knochen oder knochenmehl?[m
[00:58:15] [Async Chat Thread - #60/INFO]: <Pascals98> sonst w?rde ich nicht fragen haha[m
[00:58:21] [Async Chat Thread - #60/INFO]: <Guenther_Olaf> gib mal u[m
[00:59:04] [Async Chat Thread - #60/INFO]: <Guenther_Olaf> danke[m
[00:59:08] [Async Chat Thread - #60/INFO]: <Pascals98> bitte[m
[00:59:33] [Async Chat Thread - #60/INFO]: <Guenther_Olaf> extra ausm dschungel mitgebracht :FINGER_UP:[m
[00:59:43] [Async Chat Thread - #60/INFO]: <Guenther_Olaf> willst auch?[m
[01:01:37] [Async Chat Thread - #61/INFO]: <Guenther_Olaf> meinst du wenn ich gebackenen fisch ins wasser werfe, dann kommen fische ? :thining_fqace:[m
[01:01:44] [Async Chat Thread - #61/INFO]: <Pascals98> ehhhh[m
[01:01:49] [Async Chat Thread - #61/INFO]: <Pascals98> wut? :D[m
[01:01:54] [Async Chat Thread - #61/INFO]: <Guenther_Olaf> hahahaaha[m
[01:01:54] [Async Chat Thread - #61/INFO]: <Pascals98> glaube kaum haha[m
[01:08:22] [Async Chat Thread - #62/INFO]: <Pascals98> jez wird gefarmt[m
[01:08:41] [Async Chat Thread - #62/INFO]: <Guenther_Olaf> wie meinst du?[m
[01:08:51] [Async Chat Thread - #62/INFO]: <Pascals98> hab meine weizenfarm geerntet[m
[01:08:57] [Async Chat Thread - #62/INFO]: <Pascals98> (den heben umgelegt)[m
[01:09:02] [Async Chat Thread - #62/INFO]: <Guenther_Olaf> warte[m
[01:09:03] [Async Chat Thread - #62/INFO]: <Pascals98> und jez besame ich sie wieder[m
[01:09:06] [Async Chat Thread - #62/INFO]: <Guenther_Olaf> will sehen[m
[01:09:13] [Async Chat Thread - #62/INFO]: <Pascals98> zu sp?t :D[m
[01:09:20] [Async Chat Thread - #62/INFO]: <Pascals98> du darfst es das n?chste mal machen wenn du magst[m
[01:09:31] [Async Chat Thread - #62/INFO]: <Guenther_Olaf> +1[m
[01:18:14] [Async Chat Thread - #63/INFO]: <Pascals98> ich geh jez in den nether[m
[01:18:17] [Async Chat Thread - #63/INFO]: <Pascals98> magst du mit?[m
[01:18:51] [Async Chat Thread - #63/INFO]: <Guenther_Olaf> ne brauche eigentlich nicts von dort[m
[01:18:58] [Async Chat Thread - #63/INFO]: <Pascals98> hab mir extra ne komplett neue eisenr?stung, schwert, pfeile und bogen gemacht, hoffe ich ?berlebs :D[m
[01:18:59] [Async Chat Thread - #63/INFO]: <Pascals98> ok[m
[01:19:06] [Async Chat Thread - #63/INFO]: <Guenther_Olaf> au?er du brauchst unterst?tzung[m
[01:19:14] [Async Chat Thread - #63/INFO]: <Pascals98> kannst wenn du magst in der zeit meine farm benutzen und wenn du wieder einsamst kannst du auch den weizen behalten[m
[01:19:38] [Async Chat Thread - #63/INFO]: <Pascals98> schau einfach wenn alles fertig ist dann einmal den hebel am ende der farm umlegen und kurz danach wieder zur?ck[m
[01:22:40] [Async Chat Thread - #64/INFO]: <Pascals98> magst du vorher nochmal schlafen?#w[m
[01:22:47] [Async Chat Thread - #64/INFO]: <Guenther_Olaf> mir egal[m
[01:22:53] [Async Chat Thread - #64/INFO]: <Pascals98> tdann hopp[m
[01:25:11] [Server thread/INFO]: Pascals98 has made the advancement [We Need to Go Deeper]
[01:28:01] [Async Chat Thread - #65/INFO]: <Pascals98> magst du mir vlt grad nen gefallen tun und nachz?hlen wie lang mein haus ist ? :D[m
[01:28:12] [Async Chat Thread - #65/INFO]: <Guenther_Olaf> wo[m
[01:28:16] [Async Chat Thread - #65/INFO]: <Guenther_Olaf> also welche seite[m
[01:28:23] [Async Chat Thread - #65/INFO]: <Pascals98> die lange[m
[01:28:28] [Async Chat Thread - #65/INFO]: <Pascals98> also die zur see[m
[01:28:32] [Async Chat Thread - #65/INFO]: <Guenther_Olaf> n?[m
[01:28:37] [Async Chat Thread - #65/INFO]: <Pascals98> :([m
[01:29:05] [Async Chat Thread - #65/INFO]: <Guenther_Olaf> 27[m
[01:29:08] [Async Chat Thread - #65/INFO]: <Pascals98> danke[m
[01:29:12] [Async Chat Thread - #65/INFO]: <Guenther_Olaf> zw?lfdrittel[m
[01:29:27] [Async Chat Thread - #65/INFO]: <Pascals98> fuck[m
[01:29:33] [Async Chat Thread - #65/INFO]: <Pascals98> ich h?tte mir merken sollen wo das portal steht haha[m
[01:29:53] [Async Chat Thread - #65/INFO]: <Pascals98> puh habs :D[m
[01:29:59] [Async Chat Thread - #65/INFO]: <Guenther_Olaf> schade[m
[01:32:07] [Async Chat Thread - #66/INFO]: <Pascals98> shit ich brauch ca 1600 quarz haha[m
[01:32:26] [Async Chat Thread - #66/INFO]: <Pascals98> und das ist nicht der stein der hier ?berall liegt...[m
[01:32:38] [Async Chat Thread - #66/INFO]: <Pascals98> w?rde sagen etwas h?ufiger als kohle[m
[01:33:32] [Async Chat Thread - #66/INFO]: <Guenther_Olaf> schade haha[m
[01:46:52] [Async Chat Thread - #67/INFO]: <Guenther_Olaf> ich bin mal gespannt, ob tobi ?berhaupt noch mal auf den server kommt haha[m
[01:47:02] [Async Chat Thread - #67/INFO]: <Pascals98> denke sobald er nicht mehr in kassel ist[m
[01:47:48] [Async Chat Thread - #67/INFO]: <Guenther_Olaf> pff der tut doch nur so, als ob er freunde h?tte haha[m
[01:47:54] [Async Chat Thread - #67/INFO]: <Pascals98> isso haha[m
[01:48:05] [Async Chat Thread - #67/INFO]: <Pascals98> locker sind seine zigarren freunde alle so 50 jahre alt und freunde seines vaters hahaha[m
[01:48:13] [Async Chat Thread - #67/INFO]: <Guenther_Olaf> hahahaha[m
[01:48:29] [Async Chat Thread - #67/INFO]: <Guenther_Olaf> ne der guckt sich ein video von dem whiskey typ an und raucht dabei haha#[m
[01:48:41] [Async Chat Thread - #67/INFO]: <Pascals98> oder so haha[m
[01:49:10] [Async Chat Thread - #67/INFO]: <Guenther_Olaf> und dabei wird sch?n klassiches musik geh?rt haha[m
[01:49:23] [Async Chat Thread - #67/INFO]: <Pascals98> logisch :D[m
[01:49:32] [Async Chat Thread - #67/INFO]: <Pascals98> so bin wieder zur?ck[m
[01:49:36] [Async Chat Thread - #67/INFO]: <Pascals98> die erste charge ist da...[m
[01:49:43] [Async Chat Thread - #67/INFO]: <Pascals98> jez das ganze noch mind 6 mal haha[m
[01:49:51] [Async Chat Thread - #67/INFO]: <Pascals98> aber brauch ne neue eisen pickaxt[m
[01:50:25] [Async Chat Thread - #67/INFO]: <Guenther_Olaf> da kommt freude auf[m
[01:50:31] [Async Chat Thread - #67/INFO]: <Pascals98> oh ja[m
[01:53:21] [Async Chat Thread - #68/INFO]: <Pascals98> erste wand ist gesetzt,,,[m
[01:53:30] [Async Chat Thread - #68/INFO]: <Guenther_Olaf> kr?nk[m
[01:53:36] [Async Chat Thread - #68/INFO]: <Pascals98> wie sieht die im default so aus? :D[m
[01:54:05] [Async Chat Thread - #68/INFO]: <Pascals98> was machst du da eig? haha[m
[01:54:12] [Async Chat Thread - #68/INFO]: <Guenther_Olaf> schei?e, so wie du sieht die aus[m
[01:54:16] [Async Chat Thread - #68/INFO]: <Pascals98> baust nen monument f?r die g?tter der natur oder wie ? :D[m
[01:54:22] [Async Chat Thread - #68/INFO]: <Pascals98> shit muss die geil aussehen[m
[01:54:58] [Async Chat Thread - #68/INFO]: <Guenther_Olaf> und was baust du da f?r einen h?sslichen eckigen grau braunen kackhaufen[m
[01:55:00] [Async Chat Thread - #68/INFO]: <Guenther_Olaf> ?[m
[01:55:08] [Async Chat Thread - #68/INFO]: <Pascals98> braun?[m
[01:55:13] [Async Chat Thread - #68/INFO]: <Pascals98> meinst du das holz?[m
[01:55:24] [Async Chat Thread - #68/INFO]: <Pascals98> was ist das f?rn holz der t?r?[m
[01:55:42] [Async Chat Thread - #68/INFO]: <Guenther_Olaf> hahaahha[m
[01:55:49] [Async Chat Thread - #68/INFO]: <Guenther_Olaf> das war lustig :joy:[m
[01:55:53] [Async Chat Thread - #68/INFO]: <Pascals98> hahaha[m
[01:55:56] [Async Chat Thread - #68/INFO]: <Pascals98> voll lustig[m
[01:56:15] [Async Chat Thread - #68/INFO]: <Pascals98> wtf[m
[01:56:19] [Async Chat Thread - #68/INFO]: <Pascals98> sind da zombies in meinem vorhof??[m
[01:56:25] [Async Chat Thread - #68/INFO]: <Pascals98> *wintergarten[m
[01:56:30] [Async Chat Thread - #68/INFO]: <Guenther_Olaf> vorhoif haha[m
[01:56:54] [Async Chat Thread - #68/INFO]: <Guenther_Olaf> da hat einer eine gold r?stung[m
[01:57:39] [Async Chat Thread - #68/INFO]: <Pascals98> meine hunde haben die alle gefickt :)[m
[01:58:01] [Async Chat Thread - #68/INFO]: <Guenther_Olaf> brauche auch hunde[m
[01:58:20] [Async Chat Thread - #68/INFO]: <Pascals98> hab dir doch schong esagt nimm dir 3-4 knocjhen von mir und hol dir einen :D[m
[01:58:35] [Async Chat Thread - #68/INFO]: <Guenther_Olaf> haha hab ein unterwasserzonbie hier[m
[01:58:47] [Async Chat Thread - #68/INFO]: <Pascals98> die sind gef?hrlich falls die ne harpune haben[m
[01:58:51] [Async Chat Thread - #68/INFO]: <Pascals98> 2 hits und das wars haha[m
[01:58:58] [Async Chat Thread - #68/INFO]: <Pascals98> und die k?nnen die harpune werfen[m
[01:58:59] [Async Chat Thread - #68/INFO]: <Guenther_Olaf> ja aber der steckt in meinem, wasserfall fest haha[m
[01:59:15] [Async Chat Thread - #68/INFO]: <Pascals98> hahaha[m
[01:59:16] [Async Chat Thread - #68/INFO]: <Guenther_Olaf> lustig haha[m
[01:59:16] [Async Chat Thread - #68/INFO]: <Pascals98> opfer[m
[01:59:21] [Async Chat Thread - #68/INFO]: <Pascals98> der bleibt da oder? :D[m
[01:59:32] [Async Chat Thread - #68/INFO]: <Guenther_Olaf> jap haha[m
[01:59:37] [Async Chat Thread - #68/INFO]: <Pascals98> hat auch keine harpune also ungef?hrlich[m
[01:59:47] [Async Chat Thread - #68/INFO]: <Pascals98> heyy[m
[02:00:01] [Async Chat Thread - #68/INFO]: <Guenther_Olaf> ja ich will hier kein ungesindel[m
[02:00:05] [Async Chat Thread - #68/INFO]: <Guenther_Olaf> schlafen?[m
[02:00:07] [Async Chat Thread - #68/INFO]: <Pascals98> jop[m
[02:01:20] [Async Chat Thread - #69/INFO]: <Guenther_Olaf> sind die zu bl?d f?r pressureplates?[m
[02:01:25] [Async Chat Thread - #69/INFO]: <Pascals98> wer[m
[02:01:35] [Async Chat Thread - #69/INFO]: <Guenther_Olaf> enemies[m
[02:01:39] [Async Chat Thread - #69/INFO]: <Pascals98> jein[m
[02:01:47] [Async Chat Thread - #69/INFO]: <Pascals98> sie wissens nicht aber sie gehen trotzdem manchmal durch[m
[02:02:11] [Async Chat Thread - #69/INFO]: <Pascals98> deshalb ist gut wenn mans ein feld weiter weg macht dann ist es noch schwieriger f?r die[m
[02:02:17] [Async Chat Thread - #69/INFO]: <Pascals98> und wenn mans abschlie?en kann ist es optimal :D[m
[02:02:36] [Async Chat Thread - #69/INFO]: <Guenther_Olaf> hier sind keine w?lfe nur skelette[m
[02:02:47] [Async Chat Thread - #69/INFO]: <Pascals98> lauf nen paar meter richtung dschungel[m
[02:03:05] [Async Chat Thread - #69/INFO]: <Pascals98> also von meinem haus richtung farm quasi[m
[02:03:15] [Async Chat Thread - #69/INFO]: <Guenther_Olaf> das ist nicht dschungel haha[m
[02:03:23] [Async Chat Thread - #69/INFO]: <Pascals98> nicht?[m
[02:03:35] [Async Chat Thread - #69/INFO]: <Guenther_Olaf> ich meine das w?re die andere richtung aber ohne gew?hr[m
[02:03:38] [Async Chat Thread - #69/INFO]: <Pascals98> wilslt du vorher meine farm bedienen? :D[m
[02:04:40] [Async Chat Thread - #70/INFO]: <Pascals98> unten liegt alles[m
[02:04:40] [Async Chat Thread - #70/INFO]: <Guenther_Olaf> und dann?[m
[02:05:02] [Async Chat Thread - #70/INFO]: <Guenther_Olaf> musst das einsortieren lassen, das ist besser[m
[02:05:11] [Async Chat Thread - #70/INFO]: <Pascals98> was?[m
[02:05:26] [Async Chat Thread - #70/INFO]: <Pascals98> welches einsortieren[m
[02:05:34] [Async Chat Thread - #70/INFO]: <Guenther_Olaf> das weizen[m
[02:05:49] [Async Chat Thread - #70/INFO]: <Pascals98> versteh nicht was du meinst...[m
[02:06:09] [Async Chat Thread - #70/INFO]: <Guenther_Olaf> man kann items automatishc in eine truhe droppen lassen[m
[02:06:13] [Async Chat Thread - #70/INFO]: <Pascals98> achsoo[m
[02:06:14] [Async Chat Thread - #70/INFO]: <Pascals98> ja[m
[02:06:17] [Async Chat Thread - #70/INFO]: <Pascals98> hatte ich vor[m
[02:06:29] [Async Chat Thread - #70/INFO]: <Guenther_Olaf> und auch soprtieren lassen[m
[02:06:32] [Async Chat Thread - #70/INFO]: <Pascals98> jap[m
[02:07:07] [Async Chat Thread - #70/INFO]: <Pascals98> wenn du magst darfst du auch meine tiere f?ttern und so viele schlachten wie du neu erzeugt hast[m
[02:07:12] [Async Chat Thread - #70/INFO]: <Pascals98> ich geh wieder in den nether...[m
[02:07:40] [Async Chat Thread - #70/INFO]: <Pascals98> fuck es ist schon 2?[m
[02:07:44] [Async Chat Thread - #70/INFO]: <Guenther_Olaf> hast du ein r?chen? ein feld ist defekt[m
[02:07:46] [Async Chat Thread - #70/INFO]: <Pascals98> ok das wird meine letzte nether runde haha[m
[02:07:55] [Async Chat Thread - #70/INFO]: <Pascals98> ja ist in der truhe am rand[m
[02:09:38] [Async Chat Thread - #71/INFO]: <Pascals98> ufuuuck[m
[02:09:52] [Async Chat Thread - #71/INFO]: <Guenther_Olaf> der hat mit mir zsm fu?ball gespielt[m
[02:09:53] [Async Chat Thread - #71/INFO]: <Pascals98> komischen reisen vieh das feuerb?lle speiht[m
[02:09:57] [Async Chat Thread - #71/INFO]: <Pascals98> *riesen[m
[02:10:00] [Async Chat Thread - #71/INFO]: <Pascals98> angst!![m
[02:10:38] [Server thread/INFO]: Guenther_Olaf has made the advancement [Best Friends Forever]
[02:10:44] [Async Chat Thread - #71/INFO]: <Pascals98> gl?ckwunsch :D[m
[02:10:55] [Async Chat Thread - #71/INFO]: <Guenther_Olaf> defuq wie macht man eine leine?[m
[02:12:41] [Async Chat Thread - #72/INFO]: <Guenther_Olaf> wie gebe ich ihm das schild?[m
[02:14:15] [Async Chat Thread - #73/INFO]: <Guenther_Olaf> na gut ich geh mal penen, nacht[m
[02:14:17] [Server thread/INFO]: Guenther_Olaf lost connection: Disconnected
[02:14:17] [Server thread/INFO]: Guenther_Olaf left the game
[02:41:28] [Server thread/INFO]: Pascals98 lost connection: Disconnected
[02:41:28] [Server thread/INFO]: Pascals98 left the game
[02:42:57] [User Authenticator #19/INFO]: UUID of player Pascals98 is 4c21c67d-f27e-47d0-957e-abefef1dabf2
[02:42:58] [Server thread/INFO]: Pascals98[/88.217.181.243:19942] logged in with entity id 127718 at ([spast-mc]299.8287319897635, 63.0, 411.12021306965806)
[02:49:45] [Server thread/INFO]: Pascals98 lost connection: Disconnected
[02:49:45] [Server thread/INFO]: Pascals98 left the game
[13:41:53] [User Authenticator #20/INFO]: UUID of player Pascals98 is 4c21c67d-f27e-47d0-957e-abefef1dabf2
[13:41:54] [Server thread/INFO]: Pascals98[/88.217.181.243:44677] logged in with entity id 128707 at ([spast-mc]294.2893827086107, 63.0, 416.12499439105096)
[13:50:38] [Server thread/INFO]: Pascals98 lost connection: Disconnected
[13:50:38] [Server thread/INFO]: Pascals98 left the game
[13:52:01] [User Authenticator #21/INFO]: UUID of player Pascals98 is 4c21c67d-f27e-47d0-957e-abefef1dabf2
[13:52:01] [Server thread/INFO]: Pascals98[/88.217.181.243:44777] logged in with entity id 129624 at ([spast-mc_nether]32.91197865427806, 92.0, -34.08436859191918)
[13:57:20] [Server thread/INFO]: Pascals98 lost connection: Disconnected
[13:57:20] [Server thread/INFO]: Pascals98 left the game
[13:58:23] [User Authenticator #22/INFO]: UUID of player Pascals98 is 4c21c67d-f27e-47d0-957e-abefef1dabf2
[13:58:24] [Server thread/INFO]: Pascals98[/88.217.181.243:44688] logged in with entity id 130001 at ([spast-mc_nether]70.98288979815963, 79.0, -49.71718451196627)
[14:03:45] [Server thread/INFO]: Pascals98 lost connection: Disconnected
[14:03:45] [Server thread/INFO]: Pascals98 left the game
[14:04:19] [User Authenticator #23/INFO]: UUID of player Pascals98 is 4c21c67d-f27e-47d0-957e-abefef1dabf2
[14:04:19] [Server thread/INFO]: Pascals98[/88.217.181.243:44727] logged in with entity id 130486 at ([spast-mc_nether]132.30000001192093, 95.0, -110.74288615530433)
[14:09:49] [Server thread/INFO]: Pascals98 lost connection: Disconnected
[14:09:49] [Server thread/INFO]: Pascals98 left the game
[14:10:36] [Server console handler/ERROR]: Exception handling console input
java.io.IOException: Input/output error
	at java.io.FileInputStream.readBytes(Native Method) ~[?:1.8.0_191]
	at java.io.FileInputStream.read(FileInputStream.java:255) ~[?:1.8.0_191]
	at java.io.BufferedInputStream.fill(BufferedInputStream.java:246) ~[?:1.8.0_191]
	at java.io.BufferedInputStream.read(BufferedInputStream.java:265) ~[?:1.8.0_191]
	at org.bukkit.craftbukkit.libs.jline.internal.NonBlockingInputStream.read(NonBlockingInputStream.java:169) ~[spigot-latest.jar:git-Spigot-947a8e7-3a91182]
	at org.bukkit.craftbukkit.libs.jline.internal.NonBlockingInputStream.read(NonBlockingInputStream.java:137) ~[spigot-latest.jar:git-Spigot-947a8e7-3a91182]
	at org.bukkit.craftbukkit.libs.jline.internal.NonBlockingInputStream.read(NonBlockingInputStream.java:246) ~[spigot-latest.jar:git-Spigot-947a8e7-3a91182]
	at org.bukkit.craftbukkit.libs.jline.internal.InputStreamReader.read(InputStreamReader.java:261) ~[spigot-latest.jar:git-Spigot-947a8e7-3a91182]
	at org.bukkit.craftbukkit.libs.jline.internal.InputStreamReader.read(InputStreamReader.java:198) ~[spigot-latest.jar:git-Spigot-947a8e7-3a91182]
	at org.bukkit.craftbukkit.libs.jline.console.ConsoleReader.readCharacter(ConsoleReader.java:2145) ~[spigot-latest.jar:git-Spigot-947a8e7-3a91182]
	at org.bukkit.craftbukkit.libs.jline.console.ConsoleReader.readLine(ConsoleReader.java:2349) ~[spigot-latest.jar:git-Spigot-947a8e7-3a91182]
	at net.minecraft.server.v1_13_R2.DedicatedServer$2.run(DedicatedServer.java:91) [spigot-latest.jar:git-Spigot-947a8e7-3a91182]
[14:10:36] [Thread-3/INFO]: Stopping server
[14:10:36] [Thread-3/INFO]: Saving players
[14:10:36] [Thread-3/INFO]: Saving worlds
[14:10:36] [Thread-3/INFO]: Saving chunks for level 'spast-mc'/minecraft:overworld
[14:10:36] [Thread-3/INFO]: Saving chunks for level 'spast-mc_the_end'/minecraft:the_end
[14:10:36] [Thread-3/INFO]: Saving chunks for level 'spast-mc_nether'/minecraft:the_nether
